# JRE version: Java(TM) SE Runtime Environment (7.0_45-b18) (build 1.7.0_45-b18)
# Java VM: Java HotSpot(TM) 64-Bit Server VM (24.45-b08 mixed mode bsd-amd64 compressed oops)
Heap
 PSYoungGen      total 20992K, used 7519K [0x00000007eaa80000, 0x00000007ec300000, 0x0000000800000000)
  eden space 16896K, 43% used [0x00000007eaa80000,0x00000007eb1bff88,0x00000007ebb00000)
  from space 4096K, 2% used [0x00000007ebb00000,0x00000007ebb18000,0x00000007ebf00000)
  to   space 4096K, 0% used [0x00000007ebf00000,0x00000007ebf00000,0x00000007ec300000)
 ParOldGen       total 43520K, used 3062K [0x00000007c0000000, 0x00000007c2a80000, 0x00000007eaa80000)
  object space 43520K, 7% used [0x00000007c0000000,0x00000007c02fdae0,0x00000007c2a80000)
 PSPermGen       total 21504K, used 7362K [0x00000007bae00000, 0x00000007bc300000, 0x00000007c0000000)
  object space 21504K, 34% used [0x00000007bae00000,0x00000007bb530bc8,0x00000007bc300000)
GC Heap History (10 events):
Event: 412.104 GC heap before
{Heap before GC invocations=3 (full 0):
 PSYoungGen      total 19456K, used 18772K [0x00000007eaa80000, 0x00000007ec000000, 0x0000000800000000)
  eden space 16896K, 100% used [0x00000007eaa80000,0x00000007ebb00000,0x00000007ebb00000)
  from space 2560K, 73% used [0x00000007ebd80000,0x00000007ebf553b0,0x00000007ec000000)
  to   space 2560K, 0% used [0x00000007ebb00000,0x00000007ebb00000,0x00000007ebd80000)
 ParOldGen       total 43520K, used 1262K [0x00000007c0000000, 0x00000007c2a80000, 0x00000007eaa80000)
  object space 43520K, 2% used [0x00000007c0000000,0x00000007c013b9e0,0x00000007c2a80000)
 PSPermGen       total 21504K, used 7354K [0x00000007bae00000, 0x00000007bc300000, 0x00000007c0000000)
  object space 21504K, 34% used [0x00000007bae00000,0x00000007bb52ead8,0x00000007bc300000)
Event: 412.108 GC heap after
Heap after GC invocations=3 (full 0):
 PSYoungGen      total 19456K, used 1844K [0x00000007eaa80000, 0x00000007ec000000, 0x0000000800000000)
  eden space 16896K, 0% used [0x00000007eaa80000,0x00000007eaa80000,0x00000007ebb00000)
  from space 2560K, 72% used [0x00000007ebb00000,0x00000007ebccd3b0,0x00000007ebd80000)
  to   space 2560K, 0% used [0x00000007ebd80000,0x00000007ebd80000,0x00000007ec000000)
 ParOldGen       total 43520K, used 1262K [0x00000007c0000000, 0x00000007c2a80000, 0x00000007eaa80000)
  object space 43520K, 2% used [0x00000007c0000000,0x00000007c013b9e0,0x00000007c2a80000)
 PSPermGen       total 21504K, used 7354K [0x00000007bae00000, 0x00000007bc300000, 0x00000007c0000000)
  object space 21504K, 34% used [0x00000007bae00000,0x00000007bb52ead8,0x00000007bc300000)
}
Event: 658.279 GC heap before
{Heap before GC invocations=4 (full 0):
 PSYoungGen      total 19456K, used 18740K [0x00000007eaa80000, 0x00000007ec000000, 0x0000000800000000)
  eden space 16896K, 100% used [0x00000007eaa80000,0x00000007ebb00000,0x00000007ebb00000)
  from space 2560K, 72% used [0x00000007ebb00000,0x00000007ebccd3b0,0x00000007ebd80000)
  to   space 2560K, 0% used [0x00000007ebd80000,0x00000007ebd80000,0x00000007ec000000)
 ParOldGen       total 43520K, used 1262K [0x00000007c0000000, 0x00000007c2a80000, 0x00000007eaa80000)
  object space 43520K, 2% used [0x00000007c0000000,0x00000007c013b9e0,0x00000007c2a80000)
 PSPermGen       total 21504K, used 7354K [0x00000007bae00000, 0x00000007bc300000, 0x00000007c0000000)
  object space 21504K, 34% used [0x00000007bae00000,0x00000007bb52ead8,0x00000007bc300000)
Event: 658.283 GC heap after
Heap after GC invocations=4 (full 0):
 PSYoungGen      total 19456K, used 1812K [0x00000007eaa80000, 0x00000007ec000000, 0x0000000800000000)
  eden space 16896K, 0% used [0x00000007eaa80000,0x00000007eaa80000,0x00000007ebb00000)
  from space 2560K, 70% used [0x00000007ebd80000,0x00000007ebf453a0,0x00000007ec000000)
  to   space 2560K, 0% used [0x00000007ebb00000,0x00000007ebb00000,0x00000007ebd80000)
 ParOldGen       total 43520K, used 1334K [0x00000007c0000000, 0x00000007c2a80000, 0x00000007eaa80000)
  object space 43520K, 3% used [0x00000007c0000000,0x00000007c014d9f0,0x00000007c2a80000)
 PSPermGen       total 21504K, used 7354K [0x00000007bae00000, 0x00000007bc300000, 0x00000007c0000000)
  object space 21504K, 34% used [0x00000007bae00000,0x00000007bb52ead8,0x00000007bc300000)
}
Event: 904.956 GC heap before
{Heap before GC invocations=5 (full 0):
 PSYoungGen      total 19456K, used 18708K [0x00000007eaa80000, 0x00000007ec000000, 0x0000000800000000)
  eden space 16896K, 100% used [0x00000007eaa80000,0x00000007ebb00000,0x00000007ebb00000)
  from space 2560K, 70% used [0x00000007ebd80000,0x00000007ebf453a0,0x00000007ec000000)
  to   space 2560K, 0% used [0x00000007ebb00000,0x00000007ebb00000,0x00000007ebd80000)
 ParOldGen       total 43520K, used 1334K [0x00000007c0000000, 0x00000007c2a80000, 0x00000007eaa80000)
  object space 43520K, 3% used [0x00000007c0000000,0x00000007c014d9f0,0x00000007c2a80000)
 PSPermGen       total 21504K, used 7354K [0x00000007bae00000, 0x00000007bc300000, 0x00000007c0000000)
  object space 21504K, 34% used [0x00000007bae00000,0x00000007bb52ead8,0x00000007bc300000)
Event: 904.960 GC heap after
Heap after GC invocations=5 (full 0):
 PSYoungGen      total 19456K, used 1764K [0x00000007eaa80000, 0x00000007ec300000, 0x0000000800000000)
  eden space 16896K, 0% used [0x00000007eaa80000,0x00000007eaa80000,0x00000007ebb00000)
  from space 2560K, 68% used [0x00000007ebb00000,0x00000007ebcb9390,0x00000007ebd80000)
  to   space 4096K, 0% used [0x00000007ebf00000,0x00000007ebf00000,0x00000007ec300000)
 ParOldGen       total 43520K, used 1334K [0x00000007c0000000, 0x00000007c2a80000, 0x00000007eaa80000)
  object space 43520K, 3% used [0x00000007c0000000,0x00000007c014d9f0,0x00000007c2a80000)
 PSPermGen       total 21504K, used 7354K [0x00000007bae00000, 0x00000007bc300000, 0x00000007c0000000)
  object space 21504K, 34% used [0x00000007bae00000,0x00000007bb52ead8,0x00000007bc300000)
}
Event: 1151.699 GC heap before
{Heap before GC invocations=6 (full 0):
 PSYoungGen      total 19456K, used 18660K [0x00000007eaa80000, 0x00000007ec300000, 0x0000000800000000)
  eden space 16896K, 100% used [0x00000007eaa80000,0x00000007ebb00000,0x00000007ebb00000)
  from space 2560K, 68% used [0x00000007ebb00000,0x00000007ebcb9390,0x00000007ebd80000)
  to   space 4096K, 0% used [0x00000007ebf00000,0x00000007ebf00000,0x00000007ec300000)
 ParOldGen       total 43520K, used 1334K [0x00000007c0000000, 0x00000007c2a80000, 0x00000007eaa80000)
  object space 43520K, 3% used [0x00000007c0000000,0x00000007c014d9f0,0x00000007c2a80000)
 PSPermGen       total 21504K, used 7354K [0x00000007bae00000, 0x00000007bc300000, 0x00000007c0000000)
  object space 21504K, 34% used [0x00000007bae00000,0x00000007bb52ead8,0x00000007bc300000)
Event: 1151.704 GC heap after
Heap after GC invocations=6 (full 0):
 PSYoungGen      total 20992K, used 1748K [0x00000007eaa80000, 0x00000007ec300000, 0x0000000800000000)
  eden space 16896K, 0% used [0x00000007eaa80000,0x00000007eaa80000,0x00000007ebb00000)
  from space 4096K, 42% used [0x00000007ebf00000,0x00000007ec0b53a0,0x00000007ec300000)
  to   space 4096K, 0% used [0x00000007ebb00000,0x00000007ebb00000,0x00000007ebf00000)
 ParOldGen       total 43520K, used 1334K [0x00000007c0000000, 0x00000007c2a80000, 0x00000007eaa80000)
  object space 43520K, 3% used [0x00000007c0000000,0x00000007c014d9f0,0x00000007c2a80000)
 PSPermGen       total 21504K, used 7354K [0x00000007bae00000, 0x00000007bc300000, 0x00000007c0000000)
  object space 21504K, 34% used [0x00000007bae00000,0x00000007bb52ead8,0x00000007bc300000)
}
Event: 1398.609 GC heap before
{Heap before GC invocations=7 (full 0):
 PSYoungGen      total 20992K, used 18644K [0x00000007eaa80000, 0x00000007ec300000, 0x0000000800000000)
  eden space 16896K, 100% used [0x00000007eaa80000,0x00000007ebb00000,0x00000007ebb00000)
  from space 4096K, 42% used [0x00000007ebf00000,0x00000007ec0b53a0,0x00000007ec300000)
  to   space 4096K, 0% used [0x00000007ebb00000,0x00000007ebb00000,0x00000007ebf00000)
 ParOldGen       total 43520K, used 1334K [0x00000007c0000000, 0x00000007c2a80000, 0x00000007eaa80000)
  object space 43520K, 3% used [0x00000007c0000000,0x00000007c014d9f0,0x00000007c2a80000)
 PSPermGen       total 21504K, used 7356K [0x00000007bae00000, 0x00000007bc300000, 0x00000007c0000000)
  object space 21504K, 34% used [0x00000007bae00000,0x00000007bb52f068,0x00000007bc300000)
Event: 1398.614 GC heap after
Heap after GC invocations=7 (full 0):
 PSYoungGen      total 20992K, used 96K [0x00000007eaa80000, 0x00000007ec300000, 0x0000000800000000)
  eden space 16896K, 0% used [0x00000007eaa80000,0x00000007eaa80000,0x00000007ebb00000)
  from space 4096K, 2% used [0x00000007ebb00000,0x00000007ebb18000,0x00000007ebf00000)
  to   space 4096K, 0% used [0x00000007ebf00000,0x00000007ebf00000,0x00000007ec300000)
 ParOldGen       total 43520K, used 3062K [0x00000007c0000000, 0x00000007c2a80000, 0x00000007eaa80000)
  object space 43520K, 7% used [0x00000007c0000000,0x00000007c02fdae0,0x00000007c2a80000)
 PSPermGen       total 21504K, used 7356K [0x00000007bae00000, 0x00000007bc300000, 0x00000007c0000000)
  object space 21504K, 34% used [0x00000007bae00000,0x00000007bb52f068,0x00000007bc300000)
}

